# JRE version: OpenJDK Runtime Environment (17.0.11) (build 17.0.11+0--11852314)
# Java VM: OpenJDK 64-Bit Server VM (17.0.11+0--11852314, mixed mode, tiered, compressed oops, compressed class ptrs, g1 gc, windows-amd64)
GC Precious Log:
 CPUs: 16 total, 16 available
 Memory: 16310M
 Large Page Support: Disabled
 NUMA Support: Disabled
 Compressed Oops: Enabled (Zero based)
 Heap Region Size: 4M
 Heap Min Capacity: 8M
 Heap Initial Capacity: 256M
 Heap Max Capacity: 8G
 Pre-touch: Disabled
 Parallel Workers: 13
 Concurrent Workers: 3
 Concurrent Refinement Workers: 13
 Periodic GC: Disabled
Heap:
 garbage-first heap   total 966656K, used 378348K [0x0000000600000000, 0x0000000800000000)
  region size 4096K, 4 young (16384K), 4 survivors (16384K)
 Metaspace       used 255819K, committed 258560K, reserved 1310720K
  class space    used 32828K, committed 34112K, reserved 1048576K
GC Heap History (20 events):
Event: 18140.377 GC heap after
{Heap after GC invocations=104 (full 1):
 garbage-first heap   total 2367488K, used 562286K [0x0000000600000000, 0x0000000800000000)
  region size 4096K, 23 young (94208K), 23 survivors (94208K)
 Metaspace       used 249906K, committed 252544K, reserved 1310720K
  class space    used 32235K, committed 33472K, reserved 1048576K
}
Event: 18140.415 GC heap before
{Heap before GC invocations=104 (full 1):
 garbage-first heap   total 2367488K, used 578670K [0x0000000600000000, 0x0000000800000000)
  region size 4096K, 28 young (114688K), 23 survivors (94208K)
 Metaspace       used 249906K, committed 252544K, reserved 1310720K
  class space    used 32235K, committed 33472K, reserved 1048576K
}
Event: 18140.444 GC heap after
{Heap after GC invocations=105 (full 1):
 garbage-first heap   total 2367488K, used 549440K [0x0000000600000000, 0x0000000800000000)
  region size 4096K, 2 young (8192K), 2 survivors (8192K)
 Metaspace       used 249906K, committed 252544K, reserved 1310720K
  class space    used 32235K, committed 33472K, reserved 1048576K
}
Event: 18142.434 GC heap before
{Heap before GC invocations=105 (full 1):
 garbage-first heap   total 2367488K, used 1774144K [0x0000000600000000, 0x0000000800000000)
  region size 4096K, 302 young (1236992K), 2 survivors (8192K)
 Metaspace       used 249944K, committed 252544K, reserved 1310720K
  class space    used 32239K, committed 33472K, reserved 1048576K
}
Event: 18142.540 GC heap after
{Heap after GC invocations=106 (full 1):
 garbage-first heap   total 2367488K, used 723714K [0x0000000600000000, 0x0000000800000000)
  region size 4096K, 38 young (155648K), 38 survivors (155648K)
 Metaspace       used 249944K, committed 252544K, reserved 1310720K
  class space    used 32239K, committed 33472K, reserved 1048576K
}
Event: 18144.498 GC heap before
{Heap before GC invocations=107 (full 1):
 garbage-first heap   total 2367488K, used 1792770K [0x0000000600000000, 0x0000000800000000)
  region size 4096K, 290 young (1187840K), 38 survivors (155648K)
 Metaspace       used 249966K, committed 252544K, reserved 1310720K
  class space    used 32240K, committed 33472K, reserved 1048576K
}
Event: 18144.579 GC heap after
{Heap after GC invocations=108 (full 1):
 garbage-first heap   total 2367488K, used 770528K [0x0000000600000000, 0x0000000800000000)
  region size 4096K, 15 young (61440K), 15 survivors (61440K)
 Metaspace       used 249966K, committed 252544K, reserved 1310720K
  class space    used 32240K, committed 33472K, reserved 1048576K
}
Event: 18144.741 GC heap before
{Heap before GC invocations=108 (full 1):
 garbage-first heap   total 2367488K, used 819680K [0x0000000600000000, 0x0000000800000000)
  region size 4096K, 28 young (114688K), 15 survivors (61440K)
 Metaspace       used 249971K, committed 252608K, reserved 1310720K
  class space    used 32240K, committed 33472K, reserved 1048576K
}
Event: 18144.766 GC heap after
{Heap after GC invocations=109 (full 1):
 garbage-first heap   total 2367488K, used 744244K [0x0000000600000000, 0x0000000800000000)
  region size 4096K, 3 young (12288K), 3 survivors (12288K)
 Metaspace       used 249971K, committed 252608K, reserved 1310720K
  class space    used 32240K, committed 33472K, reserved 1048576K
}
Event: 18148.502 GC heap before
{Heap before GC invocations=109 (full 1):
 garbage-first heap   total 2367488K, used 1788724K [0x0000000600000000, 0x0000000800000000)
  region size 4096K, 259 young (1060864K), 3 survivors (12288K)
 Metaspace       used 250423K, committed 252992K, reserved 1310720K
  class space    used 32266K, committed 33472K, reserved 1048576K
}
Event: 18148.519 GC heap after
{Heap after GC invocations=110 (full 1):
 garbage-first heap   total 2367488K, used 753533K [0x0000000600000000, 0x0000000800000000)
  region size 4096K, 5 young (20480K), 5 survivors (20480K)
 Metaspace       used 250423K, committed 252992K, reserved 1310720K
  class space    used 32266K, committed 33472K, reserved 1048576K
}
Event: 21749.003 GC heap before
{Heap before GC invocations=111 (full 1):
 garbage-first heap   total 2367488K, used 1481157K [0x0000000600000000, 0x0000000800000000)
  region size 4096K, 168 young (688128K), 5 survivors (20480K)
 Metaspace       used 251146K, committed 253760K, reserved 1310720K
  class space    used 32276K, committed 33472K, reserved 1048576K
}
Event: 21750.654 GC heap after
{Heap after GC invocations=112 (full 2):
 garbage-first heap   total 958464K, used 258012K [0x0000000600000000, 0x0000000800000000)
  region size 4096K, 0 young (0K), 0 survivors (0K)
 Metaspace       used 250564K, committed 253440K, reserved 1310720K
  class space    used 32232K, committed 33472K, reserved 1048576K
}
Event: 24891.809 GC heap before
{Heap before GC invocations=112 (full 2):
 garbage-first heap   total 958464K, used 720860K [0x0000000600000000, 0x0000000800000000)
  region size 4096K, 114 young (466944K), 0 survivors (0K)
 Metaspace       used 250885K, committed 253504K, reserved 1310720K
  class space    used 32233K, committed 33472K, reserved 1048576K
}
Event: 24891.870 GC heap after
{Heap after GC invocations=113 (full 2):
 garbage-first heap   total 958464K, used 313540K [0x0000000600000000, 0x0000000800000000)
  region size 4096K, 14 young (57344K), 14 survivors (57344K)
 Metaspace       used 250885K, committed 253504K, reserved 1310720K
  class space    used 32233K, committed 33472K, reserved 1048576K
}
Event: 24949.879 GC heap before
{Heap before GC invocations=114 (full 2):
 garbage-first heap   total 958464K, used 821444K [0x0000000600000000, 0x0000000800000000)
  region size 4096K, 113 young (462848K), 14 survivors (57344K)
 Metaspace       used 254814K, committed 257536K, reserved 1310720K
  class space    used 32729K, committed 33984K, reserved 1048576K
}
Event: 24949.960 GC heap after
{Heap after GC invocations=115 (full 2):
 garbage-first heap   total 966656K, used 365471K [0x0000000600000000, 0x0000000800000000)
  region size 4096K, 14 young (57344K), 14 survivors (57344K)
 Metaspace       used 254814K, committed 257536K, reserved 1310720K
  class space    used 32729K, committed 33984K, reserved 1048576K
}
Event: 24949.970 GC heap before
{Heap before GC invocations=115 (full 2):
 garbage-first heap   total 966656K, used 369567K [0x0000000600000000, 0x0000000800000000)
  region size 4096K, 15 young (61440K), 14 survivors (57344K)
 Metaspace       used 254823K, committed 257536K, reserved 1310720K
  class space    used 32729K, committed 33984K, reserved 1048576K
}
Event: 24949.993 GC heap after
{Heap after GC invocations=116 (full 2):
 garbage-first heap   total 966656K, used 370846K [0x0000000600000000, 0x0000000800000000)
  region size 4096K, 2 young (8192K), 2 survivors (8192K)
 Metaspace       used 254823K, committed 257536K, reserved 1310720K
  class space    used 32729K, committed 33984K, reserved 1048576K
}
Event: 24951.773 GC heap before
{Heap before GC invocations=116 (full 2):
 garbage-first heap   total 966656K, used 653470K [0x0000000600000000, 0x0000000800000000)
  region size 4096K, 73 young (299008K), 2 survivors (8192K)
 Metaspace       used 255819K, committed 258560K, reserved 1310720K
  class space    used 32828K, committed 34112K, reserved 1048576K
}

